Projects/API/app/build/intermediates/manifest_merge_blame_file/debug/manifest-merger-blame-debug-report.txt
1<?xml version="1.0" encoding="utf-8"?>
2<manifest xmlns:android="http://schemas.android.com/apk/res/android"
3    package="com.example.api"
4    android:versionCode="1"
5    android:versionName="1.0" >
6
7    <uses-sdk
8        android:minSdkVersion="21"
8-->src\main\AndroidManifest.xml
9        android:targetSdkVersion="32" />
9-->src\main\AndroidManifest.xml
10
11    <uses-permission android:name="android.permission.INTERNET" />
11-->src\main\AndroidManifest.xml:5:5-67
11-->src\main\AndroidManifest.xml:5:22-64
12
13    <application
13-->src\main\AndroidManifest.xml:7:5-52:19
14        android:allowBackup="true"
14-->src\main\AndroidManifest.xml:8:9-35
15        android:appComponentFactory="androidx.core.app.CoreComponentFactory"
15-->[androidx.core:core:1.8.0] AndroidManifest.xml:24:18-86
16        android:dataExtractionRules="@xml/data_extraction_rules"
16-->src\main\AndroidManifest.xml:9:9-65
17        android:debuggable="true"
18        android:fullBackupContent="@xml/backup_rules"
18-->src\main\AndroidManifest.xml:10:9-54
19        android:icon="@mipmap/ic_launcher"
19-->src\main\AndroidManifest.xml:11:9-43
20        android:label="@string/app_name"
20-->src\main\AndroidManifest.xml:12:9-41
21        android:roundIcon="@mipmap/ic_launcher_round"
21-->src\main\AndroidManifest.xml:13:9-54
22        android:supportsRtl="true"
22-->src\main\AndroidManifest.xml:14:9-35
23        android:testOnly="true"
24        android:theme="@style/Theme.API" >
24-->src\main\AndroidManifest.xml:15:9-41
25        <activity
25-->src\main\AndroidManifest.xml:17:9-28:20
26            android:name="com.example.api.Update_Student"
26-->src\main\AndroidManifest.xml:18:13-43
27            android:exported="true" >
27-->src\main\AndroidManifest.xml:19:13-36
28            <intent-filter>
28-->src\main\AndroidManifest.xml:20:13-24:29
29                <action android:name="android.intent.action.MAIN" />
29-->src\main\AndroidManifest.xml:21:17-69
29-->src\main\AndroidManifest.xml:21:25-66
30
31                <category android:name="android.intent.category.LAUNCHER" />
31-->src\main\AndroidManifest.xml:23:17-77
31-->src\main\AndroidManifest.xml:23:27-74
32            </intent-filter>
33
34            <meta-data
34-->src\main\AndroidManifest.xml:25:13-27:36
35                android:name="android.app.lib_name"
35-->src\main\AndroidManifest.xml:26:17-52
36                android:value="" />
36-->src\main\AndroidManifest.xml:27:17-33
37        </activity>
38        <activity
38-->src\main\AndroidManifest.xml:29:9-37:20
39            android:name="com.example.api.GetSpecificData"
39-->src\main\AndroidManifest.xml:30:13-44
40            android:exported="true" >
40-->src\main\AndroidManifest.xml:31:13-36
41            <meta-data
41-->src\main\AndroidManifest.xml:25:13-27:36
42                android:name="android.app.lib_name"
42-->src\main\AndroidManifest.xml:26:17-52
43                android:value="" />
43-->src\main\AndroidManifest.xml:27:17-33
44        </activity>
45        <activity
45-->src\main\AndroidManifest.xml:38:9-44:20
46            android:name="com.example.api.All_Student"
46-->src\main\AndroidManifest.xml:39:13-40
47            android:exported="false" >
47-->src\main\AndroidManifest.xml:40:13-37
48            <meta-data
48-->src\main\AndroidManifest.xml:25:13-27:36
49                android:name="android.app.lib_name"
49-->src\main\AndroidManifest.xml:26:17-52
50                android:value="" />
50-->src\main\AndroidManifest.xml:27:17-33
51        </activity>
52        <activity
52-->src\main\AndroidManifest.xml:45:9-51:20
53            android:name="com.example.api.MainActivity"
53-->src\main\AndroidManifest.xml:46:13-41
54            android:exported="true" >
54-->src\main\AndroidManifest.xml:47:13-36
55            <meta-data
55-->src\main\AndroidManifest.xml:25:13-27:36
56                android:name="android.app.lib_name"
56-->src\main\AndroidManifest.xml:26:17-52
57                android:value="" />
57-->src\main\AndroidManifest.xml:27:17-33
58        </activity>
59
60        <provider
60-->[androidx.emoji2:emoji2:1.2.0] AndroidManifest.xml:24:9-32:20
61            android:name="androidx.startup.InitializationProvider"
61-->[androidx.emoji2:emoji2:1.2.0] AndroidManifest.xml:25:13-67
62            android:authorities="com.example.api.androidx-startup"
62-->[androidx.emoji2:emoji2:1.2.0] AndroidManifest.xml:26:13-68
63            android:exported="false" >
63-->[androidx.emoji2:emoji2:1.2.0] AndroidManifest.xml:27:13-37
64            <meta-data
64-->[androidx.emoji2:emoji2:1.2.0] AndroidManifest.xml:29:13-31:52
65                android:name="androidx.emoji2.text.EmojiCompatInitializer"
65-->[androidx.emoji2:emoji2:1.2.0] AndroidManifest.xml:30:17-75
66                android:value="androidx.startup" />
66-->[androidx.emoji2:emoji2:1.2.0] AndroidManifest.xml:31:17-49
67            <meta-data
67-->[androidx.lifecycle:lifecycle-process:2.4.1] AndroidManifest.xml:31:13-33:52
68                android:name="androidx.lifecycle.ProcessLifecycleInitializer"
68-->[androidx.lifecycle:lifecycle-process:2.4.1] AndroidManifest.xml:32:17-78
69                android:value="androidx.startup" />
69-->[androidx.lifecycle:lifecycle-process:2.4.1] AndroidManifest.xml:33:17-49
70        </provider>
71    </application>
72
73</manifest>